  burnCalories.c
  Cursor.c
C:\Users\User\Desktop\TOC_최종\TOC\TOC_project\TOC_project\burnCalories.c(13,13): warning C4013: 'TotalKcal'이(가) 정의되지 않았습니다. extern은 int형을 반환하는 것으로 간주합니다.
C:\Users\User\Desktop\TOC_최종\TOC\TOC_project\TOC_project\burnCalories.c(27,8): warning C4244: '함수': 'time_t'에서 'unsigned int'(으)로 변환하면서 데이터가 손실될 수 있습니다.
C:\Users\User\Desktop\TOC_최종\TOC\TOC_project\TOC_project\burnCalories.c(45,20): warning C4244: '=': 'double'에서 'int'(으)로 변환하면서 데이터가 손실될 수 있습니다.
C:\Users\User\Desktop\TOC_최종\TOC\TOC_project\TOC_project\burnCalories.c(97,2): warning C4013: 'GotoXY'이(가) 정의되지 않았습니다. extern은 int형을 반환하는 것으로 간주합니다.
  exerciseList.c
  FoodRecord.c
C:\Users\User\Desktop\TOC_최종\TOC\TOC_project\TOC_project\FoodRecord.c(69,5): warning C4013: 'KcalGraph'이(가) 정의되지 않았습니다. extern은 int형을 반환하는 것으로 간주합니다.
C:\Users\User\Desktop\TOC_최종\TOC\TOC_project\TOC_project\FoodRecord.c(98,2): warning C4013: 'CursorA'이(가) 정의되지 않았습니다. extern은 int형을 반환하는 것으로 간주합니다.
C:\Users\User\Desktop\TOC_최종\TOC\TOC_project\TOC_project\FoodRecord.c(122,7): warning C4013: 'menuChoice'이(가) 정의되지 않았습니다. extern은 int형을 반환하는 것으로 간주합니다.
  GotoXY.c
  KcalGraph.c
C:\Users\User\Desktop\TOC_최종\TOC\TOC_project\TOC_project\KcalGraph.c(5,10): warning C4067: 전처리기 지시문 다음에 예기치 않은 토큰이 있습니다. 줄 바꿈 문자가 필요합니다.
C:\Users\User\Desktop\TOC_최종\TOC\TOC_project\TOC_project\KcalGraph.c(9,22): warning C4013: 'personalKcal'이(가) 정의되지 않았습니다. extern은 int형을 반환하는 것으로 간주합니다.
  lastScreen.c
C:\Users\User\Desktop\TOC_최종\TOC\TOC_project\TOC_project\lastScreen.c(14,2): warning C4013: 'GotoXY'이(가) 정의되지 않았습니다. extern은 int형을 반환하는 것으로 간주합니다.
C:\Users\User\Desktop\TOC_최종\TOC\TOC_project\TOC_project\lastScreen.c(63,6): warning C4013: 'TotalKcal'이(가) 정의되지 않았습니다. extern은 int형을 반환하는 것으로 간주합니다.
C:\Users\User\Desktop\TOC_최종\TOC\TOC_project\TOC_project\lastScreen.c(63,20): warning C4013: 'personalKcal'이(가) 정의되지 않았습니다. extern은 int형을 반환하는 것으로 간주합니다.
C:\Users\User\Desktop\TOC_최종\TOC\TOC_project\TOC_project\lastScreen.c(70,3): warning C4013: 'printExercise'이(가) 정의되지 않았습니다. extern은 int형을 반환하는 것으로 간주합니다.
  main.c
C:\Users\User\Desktop\TOC_최종\TOC\TOC_project\TOC_project\main.c(4,2): warning C4013: 'start'이(가) 정의되지 않았습니다. extern은 int형을 반환하는 것으로 간주합니다.
C:\Users\User\Desktop\TOC_최종\TOC\TOC_project\TOC_project\main.c(5,2): warning C4013: 'FoodRecord'이(가) 정의되지 않았습니다. extern은 int형을 반환하는 것으로 간주합니다.
C:\Users\User\Desktop\TOC_최종\TOC\TOC_project\TOC_project\main.c(6,2): warning C4013: 'RecordDiet'이(가) 정의되지 않았습니다. extern은 int형을 반환하는 것으로 간주합니다.
C:\Users\User\Desktop\TOC_최종\TOC\TOC_project\TOC_project\main.c(7,2): warning C4013: 'last_screen'이(가) 정의되지 않았습니다. extern은 int형을 반환하는 것으로 간주합니다.
  MenuChoice.c
  personalKcal.c
C:\Users\User\Desktop\TOC_최종\TOC\TOC_project\TOC_project\personalKcal.c(22,35): warning C4244: '=': 'double'에서 'int'(으)로 변환하면서 데이터가 손실될 수 있습니다.
C:\Users\User\Desktop\TOC_최종\TOC\TOC_project\TOC_project\personalKcal.c(26,41): warning C4244: '=': 'double'에서 'int'(으)로 변환하면서 데이터가 손실될 수 있습니다.
  startPage.c
C:\Users\User\Desktop\TOC_최종\TOC\TOC_project\TOC_project\startPage.c(281,14): warning C4013: 'getch'이(가) 정의되지 않았습니다. extern은 int형을 반환하는 것으로 간주합니다.
C:\Users\User\Desktop\TOC_최종\TOC\TOC_project\TOC_project\startPage.c(361,3): warning C4013: 'waitForSpaceBar'이(가) 정의되지 않았습니다. extern은 int형을 반환하는 것으로 간주합니다.
C:\Users\User\Desktop\TOC_최종\TOC\TOC_project\TOC_project\startPage.c(376,17): warning C4098: 'choice_code': 'void' 함수에서 값을 반환하고 있습니다.
C:\Users\User\Desktop\TOC_최종\TOC\TOC_project\TOC_project\startPage.c(385,7): warning C4013: '_kbhit'이(가) 정의되지 않았습니다. extern은 int형을 반환하는 것으로 간주합니다.
C:\Users\User\Desktop\TOC_최종\TOC\TOC_project\TOC_project\startPage.c(419,2): warning C4013: 'CursorA'이(가) 정의되지 않았습니다. extern은 int형을 반환하는 것으로 간주합니다.
C:\Users\User\Desktop\TOC_최종\TOC\TOC_project\TOC_project\startPage.c(428,2): warning C4013: 'getSex'이(가) 정의되지 않았습니다. extern은 int형을 반환하는 것으로 간주합니다.
C:\Users\User\Desktop\TOC_최종\TOC\TOC_project\TOC_project\startPage.c(432,2): warning C4013: 'getWeight'이(가) 정의되지 않았습니다. extern은 int형을 반환하는 것으로 간주합니다.
  코드를 생성하고 있습니다...
C:\Users\User\Desktop\TOC_최종\TOC\TOC_project\TOC_project\startPage.c(292,1): warning C4715: 'keycontrol': 모든 제어 경로에서 값을 반환하지는 않습니다.
C:\Users\User\Desktop\TOC_최종\TOC\TOC_project\TOC_project\startPage.c(400,1): warning C4716: 'waitForSpaceBar': 값을 반환해야 합니다.
C:\Users\User\Desktop\TOC_최종\TOC\TOC_project\TOC_project\startPage.c(470,1): warning C4716: 'start': 값을 반환해야 합니다.
C:\Users\User\Desktop\TOC_최종\TOC\TOC_project\TOC_project\lastScreen.c(81,1): warning C4716: 'last_screen': 값을 반환해야 합니다.
C:\Users\User\Desktop\TOC_최종\TOC\TOC_project\TOC_project\KcalGraph.c(38,1): warning C4716: 'Gragh_Lunch': 값을 반환해야 합니다.
C:\Users\User\Desktop\TOC_최종\TOC\TOC_project\TOC_project\KcalGraph.c(22,1): warning C4716: 'Gragh_Morning': 값을 반환해야 합니다.
C:\Users\User\Desktop\TOC_최종\TOC\TOC_project\TOC_project\KcalGraph.c(54,1): warning C4716: 'Gragh_Dinner': 값을 반환해야 합니다.
C:\Users\User\Desktop\TOC_최종\TOC\TOC_project\TOC_project\KcalGraph.c(101,1): warning C4716: 'KcalGraph': 값을 반환해야 합니다.
C:\Users\User\Desktop\TOC_최종\TOC\TOC_project\TOC_project\GotoXY.c(6,1): warning C4716: 'GotoXY': 값을 반환해야 합니다.
C:\Users\User\Desktop\TOC_최종\TOC\TOC_project\TOC_project\FoodRecord.c(73,1): warning C4716: 'printKcal': 값을 반환해야 합니다.
C:\Users\User\Desktop\TOC_최종\TOC\TOC_project\TOC_project\FoodRecord.c(95,1): warning C4716: 'RecordDiet': 값을 반환해야 합니다.
C:\Users\User\Desktop\TOC_최종\TOC\TOC_project\TOC_project\FoodRecord.c(132,1): warning C4716: 'FoodRecord': 값을 반환해야 합니다.
C:\Users\User\Desktop\TOC_최종\TOC\TOC_project\TOC_project\Cursor.c(20,1): warning C4716: 'CursorA': 값을 반환해야 합니다.
C:\Users\User\Desktop\TOC_최종\TOC\TOC_project\TOC_project\Cursor.c(11,1): warning C4716: 'Cursor': 값을 반환해야 합니다.
  LINK : C:\Users\User\Desktop\TOC_최종\TOC\TOC_project\x64\Debug\TOC_project.exe을(를) 찾을 수 없거나 마지막 증분 링크에 의해 빌드되지 않았습니다. 전체 링크를 수행하고 있습니다.
  TOC_project.vcxproj -> C:\Users\User\Desktop\TOC_최종\TOC\TOC_project\x64\Debug\TOC_project.exe
